#
# There is insufficient memory for the Java Runtime Environment to continue.
# Native memory allocation (malloc) failed to allocate 32744 bytes for ChunkPool::allocate
# Possible reasons:
#   The system is out of physical RAM or swap space
#   The process is running with CompressedOops enabled, and the Java Heap may be blocking the growth of the native heap
# Possible solutions:
#   Reduce memory load on the system
#   Increase physical memory or swap space
#   Check if swap backing store is full
#   Decrease Java heap size (-Xmx/-Xms)
#   Decrease number of Java threads
#   Decrease Java thread stack sizes (-Xss)
#   Set larger code cache with -XX:ReservedCodeCacheSize=
#   JVM is running with Unscaled Compressed Oops mode in which the Java heap is
#     placed in the first 4GB address space. The Java Heap base address is the
#     maximum limit for the native heap growth. Please use -XX:HeapBaseMinAddress
#     to set the Java Heap base and to place the Java Heap above 4GB virtual address.
# This output file may be truncated or incomplete.
#
#  Out of Memory Error (allocation.cpp:272), pid=10724, tid=0x0000000000006394
#
# JRE version: Java(TM) SE Runtime Environment (8.0_301-b09) (build 1.8.0_301-b09)
# Java VM: Java HotSpot(TM) 64-Bit Server VM (25.301-b09 mixed mode windows-amd64 compressed oops)
# Failed to write core dump. Minidumps are not enabled by default on client versions of Windows
#

---------------  T H R E A D  ---------------

Current thread (0x000002673e9bd000):  JavaThread "C2 CompilerThread0" daemon [_thread_in_native, id=25492, stack(0x000000e346b00000,0x000000e346c00000)]

Stack: [0x000000e346b00000,0x000000e346c00000]
Native frames: (J=compiled Java code, j=interpreted, Vv=VM code, C=native code)
V  [jvm.dll+0x32ed79]
V  [jvm.dll+0x275722]
V  [jvm.dll+0x2763cd]
V  [jvm.dll+0x26ce05]
V  [jvm.dll+0xd59bd]
V  [jvm.dll+0xd5d1c]
V  [jvm.dll+0x48bad6]
V  [jvm.dll+0x437e1d]
V  [jvm.dll+0x440c55]
V  [jvm.dll+0x440015]
V  [jvm.dll+0x42ae57]
V  [jvm.dll+0xac1bb]
V  [jvm.dll+0xaa81b]
V  [jvm.dll+0x23ddc2]
V  [jvm.dll+0x2923dc]
C  [ucrtbase.dll+0x21bb2]
C  [KERNEL32.DLL+0x17034]
C  [ntdll.dll+0x52651]


Current CompileTask:
C2:  16209 1882       4       sun.net.www.protocol.file.Handler::parseURL (18 bytes)


---------------  P R O C E S S  ---------------

Java Threads: ( => current thread )
  0x0000026740ced000 JavaThread "Okio Watchdog" daemon [_thread_blocked, id=17572, stack(0x000000e347800000,0x000000e347900000)]
  0x0000026740cfa000 JavaThread "OkHttp ConnectionPool" daemon [_thread_blocked, id=10852, stack(0x000000e347700000,0x000000e347800000)]
  0x0000026740ba1000 JavaThread "Exec Stream Pumper" daemon [_thread_in_native, id=8, stack(0x000000e347500000,0x000000e347600000)]
  0x0000026740013000 JavaThread "Exec Stream Pumper" daemon [_thread_in_native, id=18920, stack(0x000000e347400000,0x000000e347500000)]
  0x0000026740010800 JavaThread "UrlChecker-2" daemon [_thread_blocked, id=23192, stack(0x000000e347300000,0x000000e347400000)]
  0x00000267400dc000 JavaThread "Exec Default Executor" daemon [_thread_in_native, id=19004, stack(0x000000e347200000,0x000000e347300000)]
  0x000002673ea40000 JavaThread "Service Thread" daemon [_thread_blocked, id=20596, stack(0x000000e346e00000,0x000000e346f00000)]
  0x000002673e9d6800 JavaThread "C1 CompilerThread2" daemon [_thread_in_native, id=20352, stack(0x000000e346d00000,0x000000e346e00000)]
  0x000002673e9c3800 JavaThread "C2 CompilerThread1" daemon [_thread_in_native, id=8004, stack(0x000000e346c00000,0x000000e346d00000)]
=>0x000002673e9bd000 JavaThread "C2 CompilerThread0" daemon [_thread_in_native, id=25492, stack(0x000000e346b00000,0x000000e346c00000)]
  0x000002673e9ba800 JavaThread "Attach Listener" daemon [_thread_blocked, id=26408, stack(0x000000e346a00000,0x000000e346b00000)]
  0x000002673e9b9800 JavaThread "Signal Dispatcher" daemon [_thread_blocked, id=21052, stack(0x000000e346900000,0x000000e346a00000)]
  0x000002673e26e000 JavaThread "Finalizer" daemon [_thread_blocked, id=25240, stack(0x000000e346800000,0x000000e346900000)]
  0x000002673e26d000 JavaThread "Reference Handler" daemon [_thread_blocked, id=21248, stack(0x000000e346700000,0x000000e346800000)]
  0x000002672a87d000 JavaThread "main" [_thread_in_Java, id=26116, stack(0x000000e346100000,0x000000e346200000)]

Other Threads:
  0x000002673e972000 VMThread [stack: 0x000000e346600000,0x000000e346700000] [id=24524]
  0x000002673ea62000 WatcherThread [stack: 0x000000e346f00000,0x000000e347000000] [id=15868]

VM state:not at safepoint (normal execution)

VM Mutex/Monitor currently owned by a thread: None

heap address: 0x00000000c2c00000, size: 980 MB, Compressed Oops mode: 32-bit
Narrow klass base: 0x0000000000000000, Narrow klass shift: 3
Compressed class space size: 1073741824 Address: 0x0000000100000000

Heap:
 PSYoungGen      total 34304K, used 18806K [0x00000000eb980000, 0x00000000edd80000, 0x0000000100000000)
  eden space 31744K, 51% used [0x00000000eb980000,0x00000000ec965b88,0x00000000ed880000)
  from space 2560K, 98% used [0x00000000edb00000,0x00000000edd78040,0x00000000edd80000)
  to   space 2560K, 0% used [0x00000000ed880000,0x00000000ed880000,0x00000000edb00000)
 ParOldGen       total 42496K, used 8165K [0x00000000c2c00000, 0x00000000c5580000, 0x00000000eb980000)
  object space 42496K, 19% used [0x00000000c2c00000,0x00000000c33f9460,0x00000000c5580000)
 Metaspace       used 19185K, capacity 19916K, committed 20096K, reserved 1067008K
  class space    used 2433K, capacity 2642K, committed 2688K, reserved 1048576K

Card table byte_map: [0x000002673b5a0000,0x000002673b790000] byte_map_base: 0x000002673af8a000

Marking Bits: (ParMarkBitMap*) 0x00000000728d7fe0
 Begin Bits: [0x000002673b8e0000, 0x000002673c830000)
 End Bits:   [0x000002673c830000, 0x000002673d780000)

Polling page: 0x000002672a970000

CodeCache: size=245760Kb used=6257Kb max_used=6257Kb free=239502Kb
 bounds [0x000002672c1e0000, 0x000002672c800000, 0x000002673b1e0000]
 total_blobs=2316 nmethods=1882 adapters=347
 compilation: enabled

Compilation events (10 events):
Event: 16.159 Thread 0x000002673e9d6800 1879       1       java.util.Hashtable$Entry::getKey (5 bytes)
Event: 16.159 Thread 0x000002673e9d6800 nmethod 1879 0x000002672c7fc850 code [0x000002672c7fc9a0, 0x000002672c7fcab8]
Event: 16.159 Thread 0x000002673e9d6800 1880       1       java.util.Hashtable$Entry::getValue (5 bytes)
Event: 16.159 Thread 0x000002673e9d6800 nmethod 1880 0x000002672c7fcb10 code [0x000002672c7fcc60, 0x000002672c7fcd78]
Event: 16.167 Thread 0x000002673e9c3800 1881       4       java.net.URLStreamHandler::parseURL (1193 bytes)
Event: 16.168 Thread 0x000002673e9bd000 1882       4       sun.net.www.protocol.file.Handler::parseURL (18 bytes)
Event: 16.172 Thread 0x000002673e9d6800 1883       3       java.util.regex.Pattern$CharProperty::<init> (5 bytes)
Event: 16.172 Thread 0x000002673e9d6800 nmethod 1883 0x000002672c7fcdd0 code [0x000002672c7fcf40, 0x000002672c7fd1d8]
Event: 16.172 Thread 0x000002673e9d6800 1884       3       java.util.regex.Pattern$CharProperty::<init> (5 bytes)
Event: 16.173 Thread 0x000002673e9d6800 nmethod 1884 0x000002672c7fd310 code [0x000002672c7fd480, 0x000002672c7fd6b8]

GC Heap History (8 events):
Event: 0.967 GC heap before
{Heap before GC invocations=1 (full 0):
 PSYoungGen      total 18432K, used 15872K [0x00000000eb980000, 0x00000000ece00000, 0x0000000100000000)
  eden space 15872K, 100% used [0x00000000eb980000,0x00000000ec900000,0x00000000ec900000)
  from space 2560K, 0% used [0x00000000ecb80000,0x00000000ecb80000,0x00000000ece00000)
  to   space 2560K, 0% used [0x00000000ec900000,0x00000000ec900000,0x00000000ecb80000)
 ParOldGen       total 42496K, used 0K [0x00000000c2c00000, 0x00000000c5580000, 0x00000000eb980000)
  object space 42496K, 0% used [0x00000000c2c00000,0x00000000c2c00000,0x00000000c5580000)
 Metaspace       used 7878K, capacity 7972K, committed 8192K, reserved 1056768K
  class space    used 925K, capacity 978K, committed 1024K, reserved 1048576K
Event: 0.972 GC heap after
Heap after GC invocations=1 (full 0):
 PSYoungGen      total 18432K, used 2537K [0x00000000eb980000, 0x00000000ece00000, 0x0000000100000000)
  eden space 15872K, 0% used [0x00000000eb980000,0x00000000eb980000,0x00000000ec900000)
  from space 2560K, 99% used [0x00000000ec900000,0x00000000ecb7a440,0x00000000ecb80000)
  to   space 2560K, 0% used [0x00000000ecb80000,0x00000000ecb80000,0x00000000ece00000)
 ParOldGen       total 42496K, used 613K [0x00000000c2c00000, 0x00000000c5580000, 0x00000000eb980000)
  object space 42496K, 1% used [0x00000000c2c00000,0x00000000c2c995a8,0x00000000c5580000)
 Metaspace       used 7878K, capacity 7972K, committed 8192K, reserved 1056768K
  class space    used 925K, capacity 978K, committed 1024K, reserved 1048576K
}
Event: 1.597 GC heap before
{Heap before GC invocations=2 (full 0):
 PSYoungGen      total 18432K, used 18409K [0x00000000eb980000, 0x00000000ece00000, 0x0000000100000000)
  eden space 15872K, 100% used [0x00000000eb980000,0x00000000ec900000,0x00000000ec900000)
  from space 2560K, 99% used [0x00000000ec900000,0x00000000ecb7a440,0x00000000ecb80000)
  to   space 2560K, 0% used [0x00000000ecb80000,0x00000000ecb80000,0x00000000ece00000)
 ParOldGen       total 42496K, used 613K [0x00000000c2c00000, 0x00000000c5580000, 0x00000000eb980000)
  object space 42496K, 1% used [0x00000000c2c00000,0x00000000c2c995a8,0x00000000c5580000)
 Metaspace       used 11987K, capacity 12162K, committed 12544K, reserved 1060864K
  class space    used 1393K, capacity 1452K, committed 1536K, reserved 1048576K
Event: 1.604 GC heap after
Heap after GC invocations=2 (full 0):
 PSYoungGen      total 18432K, used 2528K [0x00000000eb980000, 0x00000000ece00000, 0x0000000100000000)
  eden space 15872K, 0% used [0x00000000eb980000,0x00000000eb980000,0x00000000ec900000)
  from space 2560K, 98% used [0x00000000ecb80000,0x00000000ecdf8020,0x00000000ece00000)
  to   space 2560K, 0% used [0x00000000ec900000,0x00000000ec900000,0x00000000ecb80000)
 ParOldGen       total 42496K, used 2289K [0x00000000c2c00000, 0x00000000c5580000, 0x00000000eb980000)
  object space 42496K, 5% used [0x00000000c2c00000,0x00000000c2e3c6b0,0x00000000c5580000)
 Metaspace       used 11987K, capacity 12162K, committed 12544K, reserved 1060864K
  class space    used 1393K, capacity 1452K, committed 1536K, reserved 1048576K
}
Event: 1.933 GC heap before
{Heap before GC invocations=3 (full 0):
 PSYoungGen      total 18432K, used 18400K [0x00000000eb980000, 0x00000000ece00000, 0x0000000100000000)
  eden space 15872K, 100% used [0x00000000eb980000,0x00000000ec900000,0x00000000ec900000)
  from space 2560K, 98% used [0x00000000ecb80000,0x00000000ecdf8020,0x00000000ece00000)
  to   space 2560K, 0% used [0x00000000ec900000,0x00000000ec900000,0x00000000ecb80000)
 ParOldGen       total 42496K, used 2289K [0x00000000c2c00000, 0x00000000c5580000, 0x00000000eb980000)
  object space 42496K, 5% used [0x00000000c2c00000,0x00000000c2e3c6b0,0x00000000c5580000)
 Metaspace       used 13018K, capacity 13270K, committed 13440K, reserved 1060864K
  class space    used 1548K, capacity 1649K, committed 1664K, reserved 1048576K
Event: 1.942 GC heap after
Heap after GC invocations=3 (full 0):
 PSYoungGen      total 18432K, used 2544K [0x00000000eb980000, 0x00000000edd80000, 0x0000000100000000)
  eden space 15872K, 0% used [0x00000000eb980000,0x00000000eb980000,0x00000000ec900000)
  from space 2560K, 99% used [0x00000000ec900000,0x00000000ecb7c020,0x00000000ecb80000)
  to   space 2560K, 0% used [0x00000000edb00000,0x00000000edb00000,0x00000000edd80000)
 ParOldGen       total 42496K, used 5140K [0x00000000c2c00000, 0x00000000c5580000, 0x00000000eb980000)
  object space 42496K, 12% used [0x00000000c2c00000,0x00000000c31050d8,0x00000000c5580000)
 Metaspace       used 13018K, capacity 13270K, committed 13440K, reserved 1060864K
  class space    used 1548K, capacity 1649K, committed 1664K, reserved 1048576K
}
Event: 2.956 GC heap before
{Heap before GC invocations=4 (full 0):
 PSYoungGen      total 18432K, used 18416K [0x00000000eb980000, 0x00000000edd80000, 0x0000000100000000)
  eden space 15872K, 100% used [0x00000000eb980000,0x00000000ec900000,0x00000000ec900000)
  from space 2560K, 99% used [0x00000000ec900000,0x00000000ecb7c020,0x00000000ecb80000)
  to   space 2560K, 0% used [0x00000000edb00000,0x00000000edb00000,0x00000000edd80000)
 ParOldGen       total 42496K, used 5140K [0x00000000c2c00000, 0x00000000c5580000, 0x00000000eb980000)
  object space 42496K, 12% used [0x00000000c2c00000,0x00000000c31050d8,0x00000000c5580000)
 Metaspace       used 16582K, capacity 17130K, committed 17408K, reserved 1064960K
  class space    used 2052K, capacity 2221K, committed 2304K, reserved 1048576K
Event: 2.964 GC heap after
Heap after GC invocations=4 (full 0):
 PSYoungGen      total 34304K, used 2528K [0x00000000eb980000, 0x00000000edd80000, 0x0000000100000000)
  eden space 31744K, 0% used [0x00000000eb980000,0x00000000eb980000,0x00000000ed880000)
  from space 2560K, 98% used [0x00000000edb00000,0x00000000edd78040,0x00000000edd80000)
  to   space 2560K, 0% used [0x00000000ed880000,0x00000000ed880000,0x00000000edb00000)
 ParOldGen       total 42496K, used 8165K [0x00000000c2c00000, 0x00000000c5580000, 0x00000000eb980000)
  object space 42496K, 19% used [0x00000000c2c00000,0x00000000c33f9460,0x00000000c5580000)
 Metaspace       used 16582K, capacity 17130K, committed 17408K, reserved 1064960K
  class space    used 2052K, capacity 2221K, committed 2304K, reserved 1048576K
}

Deoptimization events (10 events):
Event: 4.490 Thread 0x000002672a87d000 Uncommon trap: reason=unstable_if action=reinterpret pc=0x000002672c69c368 method=java.util.concurrent.ConcurrentHashMap.putVal(Ljava/lang/Object;Ljava/lang/Object;Z)Ljava/lang/Object; @ 181
Event: 7.175 Thread 0x000002672a87d000 Uncommon trap: reason=unstable_if action=reinterpret pc=0x000002672c5cb318 method=java.util.concurrent.ConcurrentHashMap.get(Ljava/lang/Object;)Ljava/lang/Object; @ 152
Event: 11.571 Thread 0x000002672a87d000 Uncommon trap: reason=unstable_if action=reinterpret pc=0x000002672c64d97c method=java.util.HashMap$HashIterator.<init>(Ljava/util/HashMap;)V @ 45
Event: 11.571 Thread 0x000002672a87d000 Uncommon trap: reason=unstable_if action=reinterpret pc=0x000002672c649b34 method=java.util.HashMap$HashIterator.<init>(Ljava/util/HashMap;)V @ 45
Event: 11.577 Thread 0x000002672a87d000 Uncommon trap: reason=unstable_if action=reinterpret pc=0x000002672c32bd58 method=sun.nio.cs.UTF_8$Encoder.encode([CII[B)I @ 33
Event: 15.844 Thread 0x000002672a87d000 Uncommon trap: reason=unstable_if action=reinterpret pc=0x000002672c632d50 method=java.util.HashMap$HashIterator.<init>(Ljava/util/HashMap;)V @ 45
Event: 15.855 Thread 0x000002672a87d000 Uncommon trap: reason=bimorphic action=maybe_recompile pc=0x000002672c7bd128 method=java.util.regex.Pattern$Curly.match(Ljava/util/regex/Matcher;ILjava/lang/CharSequence;)Z @ 19
Event: 15.855 Thread 0x000002672a87d000 Uncommon trap: reason=bimorphic action=maybe_recompile pc=0x000002672c7bd128 method=java.util.regex.Pattern$Curly.match(Ljava/util/regex/Matcher;ILjava/lang/CharSequence;)Z @ 19
Event: 15.855 Thread 0x000002672a87d000 Uncommon trap: reason=bimorphic action=maybe_recompile pc=0x000002672c7bd128 method=java.util.regex.Pattern$Curly.match(Ljava/util/regex/Matcher;ILjava/lang/CharSequence;)Z @ 19
Event: 15.855 Thread 0x000002672a87d000 Uncommon trap: reason=bimorphic action=maybe_recompile pc=0x000002672c7bd128 method=java.util.regex.Pattern$Curly.match(Ljava/util/regex/Matcher;ILjava/lang/CharSequence;)Z @ 19

Classes redefined (0 events):
No events

Internal exceptions (10 events):
Event: 4.582 Thread 0x000002672a87d000 Exception <a 'java/net/SocketTimeoutException': Read timed out> (0x00000000ec4b1ca0) thrown at [C:\jenkins\workspace\8-2-build-windows-amd64-cygwin\jdk8u301\1513\hotspot\src\share\vm\prims\jni.cpp, line 737]
Event: 4.784 Thread 0x000002672a87d000 Exception <a 'java/net/SocketTimeoutException': Read timed out> (0x00000000ec4d0370) thrown at [C:\jenkins\workspace\8-2-build-windows-amd64-cygwin\jdk8u301\1513\hotspot\src\share\vm\prims\jni.cpp, line 737]
Event: 4.799 Thread 0x000002672a87d000 Exception <a 'java/net/SocketTimeoutException': Read timed out> (0x00000000ec4e6d48) thrown at [C:\jenkins\workspace\8-2-build-windows-amd64-cygwin\jdk8u301\1513\hotspot\src\share\vm\prims\jni.cpp, line 737]
Event: 7.200 Thread 0x000002672a87d000 Exception <a 'java/net/SocketTimeoutException': Read timed out> (0x00000000ec584998) thrown at [C:\jenkins\workspace\8-2-build-windows-amd64-cygwin\jdk8u301\1513\hotspot\src\share\vm\prims\jni.cpp, line 737]
Event: 8.007 Thread 0x000002672a87d000 Exception <a 'java/net/SocketTimeoutException': Read timed out> (0x00000000ec5a4348) thrown at [C:\jenkins\workspace\8-2-build-windows-amd64-cygwin\jdk8u301\1513\hotspot\src\share\vm\prims\jni.cpp, line 737]
Event: 8.258 Thread 0x000002672a87d000 Exception <a 'java/net/SocketTimeoutException': Read timed out> (0x00000000ec5b7190) thrown at [C:\jenkins\workspace\8-2-build-windows-amd64-cygwin\jdk8u301\1513\hotspot\src\share\vm\prims\jni.cpp, line 737]
Event: 8.340 Thread 0x000002672a87d000 Exception <a 'java/lang/NoSuchMethodError': java.lang.Object.of(Ljava/lang/Object;)Ljava/util/stream/Stream;> (0x00000000ec5c0f88) thrown at [C:\jenkins\workspace\8-2-build-windows-amd64-cygwin\jdk8u301\1513\hotspot\src\share\vm\interpreter\linkResolver.c
Event: 8.351 Thread 0x000002672a87d000 Exception <a 'java/net/SocketTimeoutException': Read timed out> (0x00000000ec5e9fa8) thrown at [C:\jenkins\workspace\8-2-build-windows-amd64-cygwin\jdk8u301\1513\hotspot\src\share\vm\prims\jni.cpp, line 737]
Event: 11.563 Thread 0x000002672a87d000 Exception <a 'java/lang/NoSuchMethodError': java.lang.Object.lambda$codePoints$1()Ljava/util/Spliterator$OfInt;> (0x00000000ec654698) thrown at [C:\jenkins\workspace\8-2-build-windows-amd64-cygwin\jdk8u301\1513\hotspot\src\share\vm\interpreter\linkResolve
Event: 11.589 Thread 0x000002672a87d000 Exception <a 'java/net/SocketTimeoutException': Read timed out> (0x00000000ec6b0800) thrown at [C:\jenkins\workspace\8-2-build-windows-amd64-cygwin\jdk8u301\1513\hotspot\src\share\vm\prims\jni.cpp, line 737]

Events (10 events):
Event: 16.173 loading class org/testng/reporters/jq/TestNgXmlPanel
Event: 16.173 loading class org/testng/reporters/jq/TestNgXmlPanel done
Event: 16.174 loading class org/testng/reporters/jq/BaseMultiSuitePanel
Event: 16.174 loading class org/testng/reporters/jq/BaseMultiSuitePanel done
Event: 16.175 loading class org/testng/reporters/jq/TestPanel
Event: 16.175 loading class org/testng/reporters/jq/TestPanel done
Event: 16.175 loading class org/testng/reporters/jq/GroupPanel
Event: 16.175 loading class org/testng/reporters/jq/GroupPanel done
Event: 16.176 loading class org/testng/reporters/jq/TimesPanel
Event: 16.176 loading class org/testng/reporters/jq/TimesPanel done


Dynamic libraries:
0x00007ff670840000 - 0x00007ff670887000 	C:\Program Files\Java\jre1.8.0_301\bin\javaw.exe
0x00007ffcb36d0000 - 0x00007ffcb38c5000 	C:\WINDOWS\SYSTEM32\ntdll.dll
0x00007ffcb2c90000 - 0x00007ffcb2d4d000 	C:\WINDOWS\System32\KERNEL32.DLL
0x00007ffcb1010000 - 0x00007ffcb12dd000 	C:\WINDOWS\System32\KERNELBASE.dll
0x00007ffcb2a50000 - 0x00007ffcb2afe000 	C:\WINDOWS\System32\ADVAPI32.dll
0x00007ffcb2dc0000 - 0x00007ffcb2e5e000 	C:\WINDOWS\System32\msvcrt.dll
0x00007ffcb1fb0000 - 0x00007ffcb204c000 	C:\WINDOWS\System32\sechost.dll
0x00007ffcb1720000 - 0x00007ffcb1845000 	C:\WINDOWS\System32\RPCRT4.dll
0x00007ffcb1850000 - 0x00007ffcb19f0000 	C:\WINDOWS\System32\USER32.dll
0x00007ffcb0e10000 - 0x00007ffcb0e32000 	C:\WINDOWS\System32\win32u.dll
0x00007ffcb1f00000 - 0x00007ffcb1f2a000 	C:\WINDOWS\System32\GDI32.dll
0x00007ffcb0eb0000 - 0x00007ffcb0fbb000 	C:\WINDOWS\System32\gdi32full.dll
0x00007ffcb1580000 - 0x00007ffcb161d000 	C:\WINDOWS\System32\msvcp_win.dll
0x00007ffcb1620000 - 0x00007ffcb1720000 	C:\WINDOWS\System32\ucrtbase.dll
0x00007ffc9f8b0000 - 0x00007ffc9fb4a000 	C:\WINDOWS\WinSxS\amd64_microsoft.windows.common-controls_6595b64144ccf1df_6.0.19041.1110_none_60b5254171f9507e\COMCTL32.dll
0x00007ffcb21b0000 - 0x00007ffcb21e0000 	C:\WINDOWS\System32\IMM32.DLL
0x00007ffca0cb0000 - 0x00007ffca0cc5000 	C:\Program Files\Java\jre1.8.0_301\bin\vcruntime140.dll
0x00007ffc8c550000 - 0x00007ffc8c5eb000 	C:\Program Files\Java\jre1.8.0_301\bin\msvcp140.dll
0x00000000720f0000 - 0x0000000072950000 	C:\Program Files\Java\jre1.8.0_301\bin\server\jvm.dll
0x00007ffcb2b60000 - 0x00007ffcb2b68000 	C:\WINDOWS\System32\PSAPI.DLL
0x00007ffc9c870000 - 0x00007ffc9c897000 	C:\WINDOWS\SYSTEM32\WINMM.dll
0x00007ffca88e0000 - 0x00007ffca88ea000 	C:\WINDOWS\SYSTEM32\VERSION.dll
0x00007ffc9be00000 - 0x00007ffc9be09000 	C:\WINDOWS\SYSTEM32\WSOCK32.dll
0x00007ffcb3470000 - 0x00007ffcb34db000 	C:\WINDOWS\System32\WS2_32.dll
0x00007ffcaf670000 - 0x00007ffcaf682000 	C:\WINDOWS\SYSTEM32\kernel.appcore.dll
0x00007ffcac900000 - 0x00007ffcac910000 	C:\Program Files\Java\jre1.8.0_301\bin\verify.dll
0x00007ffc90d20000 - 0x00007ffc90d4b000 	C:\Program Files\Java\jre1.8.0_301\bin\java.dll
0x00007ffc90d00000 - 0x00007ffc90d18000 	C:\Program Files\Java\jre1.8.0_301\bin\zip.dll
0x00007ffcb21e0000 - 0x00007ffcb2924000 	C:\WINDOWS\System32\SHELL32.dll
0x00007ffcaeb10000 - 0x00007ffcaf2a4000 	C:\WINDOWS\SYSTEM32\windows.storage.dll
0x00007ffcb1b80000 - 0x00007ffcb1ed4000 	C:\WINDOWS\System32\combase.dll
0x00007ffcb07c0000 - 0x00007ffcb07ec000 	C:\WINDOWS\SYSTEM32\Wldp.dll
0x00007ffcb29a0000 - 0x00007ffcb2a4d000 	C:\WINDOWS\System32\SHCORE.dll
0x00007ffcb2b00000 - 0x00007ffcb2b55000 	C:\WINDOWS\System32\shlwapi.dll
0x00007ffcb0d20000 - 0x00007ffcb0d3f000 	C:\WINDOWS\SYSTEM32\profapi.dll
0x00007ffc90ce0000 - 0x00007ffc90cfc000 	C:\Program Files\Java\jre1.8.0_301\bin\net.dll
0x00007ffcb0520000 - 0x00007ffcb058a000 	C:\WINDOWS\system32\mswsock.dll
0x00007ffcb0200000 - 0x00007ffcb02cb000 	C:\WINDOWS\SYSTEM32\DNSAPI.dll
0x00007ffcb01c0000 - 0x00007ffcb01fb000 	C:\WINDOWS\SYSTEM32\IPHLPAPI.DLL
0x00007ffcb2d50000 - 0x00007ffcb2d58000 	C:\WINDOWS\System32\NSI.dll
0x00007ffc9eba0000 - 0x00007ffc9ebaa000 	C:\Windows\System32\rasadhlp.dll
0x00007ffc9ed30000 - 0x00007ffc9edb0000 	C:\WINDOWS\System32\fwpuclnt.dll
0x00007ffcb0de0000 - 0x00007ffcb0e07000 	C:\WINDOWS\System32\bcrypt.dll
0x00007ffcb0710000 - 0x00007ffcb0728000 	C:\WINDOWS\SYSTEM32\CRYPTSP.dll
0x00007ffcafe50000 - 0x00007ffcafe84000 	C:\WINDOWS\system32\rsaenh.dll
0x00007ffcb0ca0000 - 0x00007ffcb0cce000 	C:\WINDOWS\SYSTEM32\USERENV.dll
0x00007ffcb14f0000 - 0x00007ffcb1572000 	C:\WINDOWS\System32\bcryptprimitives.dll
0x00007ffcb0730000 - 0x00007ffcb073c000 	C:\WINDOWS\SYSTEM32\CRYPTBASE.dll
0x00007ffca3220000 - 0x00007ffca3237000 	C:\WINDOWS\SYSTEM32\dhcpcsvc6.DLL
0x00007ffca6770000 - 0x00007ffca678d000 	C:\WINDOWS\SYSTEM32\dhcpcsvc.DLL
0x00007ffc90cc0000 - 0x00007ffc90cd3000 	C:\Program Files\Java\jre1.8.0_301\bin\nio.dll
0x00007ffc83e50000 - 0x00007ffc83e74000 	C:\Program Files\Java\jre1.8.0_301\bin\sunec.dll
0x00007ffca9bf0000 - 0x00007ffca9bfd000 	C:\Program Files\Java\jre1.8.0_301\bin\sunmscapi.dll
0x00007ffcb12e0000 - 0x00007ffcb1436000 	C:\WINDOWS\System32\CRYPT32.dll
0x00007ffcb0830000 - 0x00007ffcb0857000 	C:\WINDOWS\SYSTEM32\ncrypt.dll
0x00007ffcb07f0000 - 0x00007ffcb082b000 	C:\WINDOWS\SYSTEM32\NTASN1.dll
0x00007ffc91f10000 - 0x00007ffc91f27000 	C:\WINDOWS\system32\napinsp.dll
0x00007ffc91ef0000 - 0x00007ffc91f0b000 	C:\WINDOWS\system32\pnrpnsp.dll
0x00007ffc91ed0000 - 0x00007ffc91ee5000 	C:\WINDOWS\system32\wshbth.dll
0x00007ffcac470000 - 0x00007ffcac48d000 	C:\WINDOWS\system32\NLAapi.dll
0x00007ffc91d90000 - 0x00007ffc91da2000 	C:\WINDOWS\System32\winrnr.dll
0x00007ffcaf380000 - 0x00007ffcaf564000 	C:\WINDOWS\SYSTEM32\dbghelp.dll

VM Arguments:
jvm_args: -ea -Dfile.encoding=Cp1252 
java_command: org.testng.remote.RemoteTestNG -serport 59857 -protocol json -d E:\eclipse\amazon\test-output C:\Users\DATTUV~1\AppData\Local\Temp\testng-eclipse--1875104000\testng-customsuite.xml
java_class_path (initial): C:\Users\Dattu V Kulkarni\Downloads\eclipse\configuration\org.eclipse.osgi\969\0\.cp\lib\testng-remote.jar;E:\eclipse\amazon\target\test-classes;E:\eclipse\amazon\target\classes;C:\Users\Dattu V Kulkarni\.m2\repository\org\seleniumhq\selenium\selenium-java\3.141.59\selenium-java-3.141.59.jar;C:\Users\Dattu V Kulkarni\.m2\repository\org\seleniumhq\selenium\selenium-api\3.141.59\selenium-api-3.141.59.jar;C:\Users\Dattu V Kulkarni\.m2\repository\org\seleniumhq\selenium\selenium-chrome-driver\3.141.59\selenium-chrome-driver-3.141.59.jar;C:\Users\Dattu V Kulkarni\.m2\repository\org\seleniumhq\selenium\selenium-edge-driver\3.141.59\selenium-edge-driver-3.141.59.jar;C:\Users\Dattu V Kulkarni\.m2\repository\org\seleniumhq\selenium\selenium-firefox-driver\3.141.59\selenium-firefox-driver-3.141.59.jar;C:\Users\Dattu V Kulkarni\.m2\repository\org\seleniumhq\selenium\selenium-ie-driver\3.141.59\selenium-ie-driver-3.141.59.jar;C:\Users\Dattu V Kulkarni\.m2\repository\org\seleniumhq\selenium\selenium-opera-driver\3.141.59\selenium-opera-driver-3.141.59.jar;C:\Users\Dattu V Kulkarni\.m2\repository\org\seleniumhq\selenium\selenium-remote-driver\3.141.59\selenium-remote-driver-3.141.59.jar;C:\Users\Dattu V Kulkarni\.m2\repository\org\seleniumhq\selenium\selenium-safari-driver\3.141.59\selenium-safari-driver-3.141.59.jar;C:\Users\Dattu V Kulkarni\.m2\repository\org\seleniumhq\selenium\selenium-support\3.141.59\selenium-support-3.141.59.jar;C:\Users\Dattu V Kulkarni\.m2\repository\net\bytebuddy\byte-buddy\1.8.15\byte-buddy-1.8.15.jar;C:\Users\Dattu V Kulkarni\.m2\repository\org\apache\commons\commons-exec\1.3\commons-exec-1.3.jar;C:\Users\Dattu V Kulkarni\.m2\repository\com\google\guava\guava\25.0-jre\guava-25.0-jre.jar;C:\Users\Dattu V Kulkarni\.m2\repository\com\google\code\findbugs\jsr305\1.3.9\jsr305-1.3.9.jar;C:\Users\Dattu V Kulkarni\.m2\repository\org\checkerframework\checker-compat-qual\2.0.0\checker-compat-qual-2.0.0.jar;C:\Users\Dattu V Kulkarni\
Launcher Type: SUN_STANDARD

Environment Variables:
JAVA_HOME=C:\Program Files\Java\jdk1.8.0_301
PATH=C:/Program Files/Java/jre1.8.0_301/bin/server;C:/Program Files/Java/jre1.8.0_301/bin;C:/Program Files/Java/jre1.8.0_301/lib/amd64;C:\Program Files (x86)\Common Files\Oracle\Java\javapath;C:\app\Dattu\product\11.2.0\dbhome_1\bin;C:\WINDOWS\system32;C:\WINDOWS;C:\WINDOWS\System32\Wbem;C:\WINDOWS\System32\WindowsPowerShell\v1.0\;C:\WINDOWS\System32\OpenSSH\;C:\Program Files\Java\jdk1.8.0_301\bin;C:\MAVEN\apache-maven-3.8.4\bin;C:\Program Files\Git\cmd;C:\Users\Dattu V Kulkarni\AppData\Local\Android\Sdk\platform-tools;C:\Program Files (x86)\nodejs\;C:\Users\Dattu V Kulkarni\Downloads\allure-2.17.3\bin;C:\Users\Dattu V Kulkarni\AppData\Local\Microsoft\WindowsApps;C:\Users\Dattu V Kulkarni\AppData\Roaming\npm;C:\Users\Dattu V Kulkarni\Downloads\eclipse;
USERNAME=Dattu V Kulkarni
OS=Windows_NT
PROCESSOR_IDENTIFIER=Intel64 Family 6 Model 122 Stepping 8, GenuineIntel



---------------  S Y S T E M  ---------------

OS: Windows 10.0 , 64 bit Build 19041 (10.0.19041.1706)

CPU:total 4 (initial active 4) (4 cores per cpu, 1 threads per core) family 6 model 122 stepping 8, cmov, cx8, fxsr, mmx, sse, sse2, sse3, ssse3, sse4.1, sse4.2, popcnt, aes, clmul, erms, 3dnowpref, tsc, tscinvbit

Memory: 4k page, physical 4012728k(139820k free), swap 16071352k(0k free)

vm_info: Java HotSpot(TM) 64-Bit Server VM (25.301-b09) for windows-amd64 JRE (1.8.0_301-b09), built on Jun  9 2021 06:46:21 by "java_re" with MS VC++ 15.9 (VS2017)

time: Wed Jun  8 22:25:24 2022
timezone: India Standard Time
elapsed time: 16.219650 seconds (0d 0h 0m 16s)

